Using pre-set license
Built from '2021.1/staging' branch; Version is '2021.1.21f1 (f2d5d3c59f8c) revision 15914451'; Using compiler version '192528614'; Build Type 'Release'
OS: 'Windows 10 Education; OS build 18363.1801; Version 1909; 64bit' Language: 'en' Physical Memory: 32684 MB
BatchMode: 1, IsHumanControllingUs: 0, StartBugReporterOnCrash: 0, Is64bit: 1, IsPro: 0

COMMAND LINE ARGUMENTS:
C:\Program Files\Unity2021.1.21f1\Editor\Unity.exe
-adb2
-batchMode
-noUpm
-name
AssetImportWorker0
-projectPath
D:/Bildr/Bildr
-logFile
Logs/AssetImportWorker0.log
-srvPort
52643
Successfully changed project path to: D:/Bildr/Bildr
D:/Bildr/Bildr
Using Asset Import Pipeline V2.
Refreshing native plugins compatible for Editor in 61.30 ms, found 3 plugins.
Preloading 0 native plugins for Editor in 0.00 ms.
Initialize engine version: 2021.1.21f1 (f2d5d3c59f8c)
[Subsystems] Discovering subsystems at path C:/Program Files/Unity2021.1.21f1/Editor/Data/Resources/UnitySubsystems
[Subsystems] Discovering subsystems at path D:/Bildr/Bildr/Assets
GfxDevice: creating device client; threaded=0; jobified=0
Direct3D:
    Version:  Direct3D 11.0 [level 11.1]
    Renderer: NVIDIA GeForce RTX 2080 Ti (ID=0x1e04)
    Vendor:   NVIDIA
    VRAM:     11049 MB
    Driver:   27.21.14.5206
Initialize mono
Mono path[0] = 'C:/Program Files/Unity2021.1.21f1/Editor/Data/Managed'
Mono path[1] = 'C:/Program Files/Unity2021.1.21f1/Editor/Data/MonoBleedingEdge/lib/mono/unityjit'
Mono config path = 'C:/Program Files/Unity2021.1.21f1/Editor/Data/MonoBleedingEdge/etc'
Using monoOptions --debugger-agent=transport=dt_socket,embedding=1,server=y,suspend=n,address=127.0.0.1:56000
Begin MonoManager ReloadAssembly
Registering precompiled unity dll's ...
Register platform support module: C:/Program Files/Unity2021.1.21f1/Editor/Data/PlaybackEngines/WindowsStandaloneSupport/UnityEditor.WindowsStandalone.Extensions.dll
Registered in 0.001447 seconds.
Native extension for WindowsStandalone target not found
Refreshing native plugins compatible for Editor in 65.52 ms, found 3 plugins.
Preloading 0 native plugins for Editor in 0.00 ms.
Mono: successfully reloaded assembly
- Completed reload, in  1.202 seconds
Domain Reload Profiling:
	ReloadAssembly (1202ms)
		BeginReloadAssembly (66ms)
			ExecutionOrderSort (0ms)
			DisableScriptedObjects (0ms)
			BackupInstance (0ms)
			ReleaseScriptingObjects (0ms)
			CreateAndSetChildDomain (1ms)
		EndReloadAssembly (385ms)
			LoadAssemblies (65ms)
			RebuildTransferFunctionScriptingTraits (0ms)
			SetupTypeCache (141ms)
			ReleaseScriptCaches (0ms)
			RebuildScriptCaches (24ms)
			SetupLoadedEditorAssemblies (182ms)
				LogAssemblyErrors (0ms)
				InitializePlatformSupportModulesInManaged (5ms)
				SetLoadedEditorAssemblies (0ms)
				RefreshPlugins (66ms)
				BeforeProcessingInitializeOnLoad (1ms)
				ProcessInitializeOnLoadAttributes (84ms)
				ProcessInitializeOnLoadMethodAttributes (26ms)
				AfterProcessingInitializeOnLoad (0ms)
				EditorAssembliesLoaded (0ms)
			ExecutionOrderSort2 (0ms)
			AwakeInstancesAfterBackupRestoration (0ms)
Platform modules already initialized, skipping
Registering precompiled user dll's ...
Registered in 0.002633 seconds.
Begin MonoManager ReloadAssembly
Symbol file LoadedFromMemory doesn't match image D:\Bildr\Bildr\Library\PackageCache\com.unity.visualscripting@1.6.1\Editor\VisualScripting.Core\Dependencies\YamlDotNet\Unity.VisualScripting.YamlDotNet.dll
Symbol file LoadedFromMemory doesn't match image D:\Bildr\Bildr\Library\PackageCache\com.unity.visualscripting@1.6.1\Editor\VisualScripting.Core\Dependencies\DotNetZip\Unity.VisualScripting.IonicZip.dll
Native extension for WindowsStandalone target not found
Refreshing native plugins compatible for Editor in 0.45 ms, found 3 plugins.
Preloading 0 native plugins for Editor in 0.00 ms.
Mono: successfully reloaded assembly
- Completed reload, in  0.887 seconds
Domain Reload Profiling:
	ReloadAssembly (887ms)
		BeginReloadAssembly (141ms)
			ExecutionOrderSort (0ms)
			DisableScriptedObjects (4ms)
			BackupInstance (0ms)
			ReleaseScriptingObjects (0ms)
			CreateAndSetChildDomain (16ms)
		EndReloadAssembly (696ms)
			LoadAssemblies (91ms)
			RebuildTransferFunctionScriptingTraits (0ms)
			SetupTypeCache (267ms)
			ReleaseScriptCaches (0ms)
			RebuildScriptCaches (37ms)
			SetupLoadedEditorAssemblies (250ms)
				LogAssemblyErrors (0ms)
				InitializePlatformSupportModulesInManaged (4ms)
				SetLoadedEditorAssemblies (0ms)
				RefreshPlugins (0ms)
				BeforeProcessingInitializeOnLoad (50ms)
				ProcessInitializeOnLoadAttributes (186ms)
				ProcessInitializeOnLoadMethodAttributes (4ms)
				AfterProcessingInitializeOnLoad (5ms)
				EditorAssembliesLoaded (0ms)
			ExecutionOrderSort2 (0ms)
			AwakeInstancesAfterBackupRestoration (6ms)
Platform modules already initialized, skipping
========================================================================
Worker process is ready to serve import requests
Launched and connected shader compiler UnityShaderCompiler.exe after 0.04 seconds
Refreshing native plugins compatible for Editor in 0.45 ms, found 3 plugins.
Preloading 0 native plugins for Editor in 0.00 ms.
Unloading 2949 Unused Serialized files (Serialized files now loaded: 0)
System memory in use before: 105.7 MB.
System memory in use after: 105.9 MB.

Unloading 20 unused Assets to reduce memory usage. Loaded Objects now: 3395.
Total: 2.827600 ms (FindLiveObjects: 0.187500 ms CreateObjectMapping: 0.109000 ms MarkObjects: 2.454800 ms  DeleteObjects: 0.075800 ms)

AssetImportParameters requested are different than current active one (requested -> active):
  custom:framework-win-MediaFoundation: 216162199b28c13a410421893ffa2e32 -> 
  custom:video-decoder-ogg-theora: a1e56fd34408186e4bbccfd4996cb3dc -> 
  custom:container-muxer-webm: aa71ff27fc2769a1b78a27578f13a17b -> 
  custom:container-demuxer-webm: 4f35f7cbe854078d1ac9338744f61a02 -> 
  custom:container-demuxer-ogg: 62fdf1f143b41e24485cea50d1cbac27 -> 
  custom:video-encoder-webm-vp8: eb34c28f22e8b96e1ab97ce403110664 -> 
  custom:video-decoder-webm-vp8: 9c59270c3fd7afecdb556c50c9e8de78 -> 
  custom:audio-decoder-ogg-vorbis: bf7c407c2cedff20999df2af8eb42d56 -> 
  custom:audio-encoder-webm-vorbis: bf7c407c2cedff20999df2af8eb42d56 -> 
========================================================================
Received Import Request.
  path: Assets/Editor
  artifactKey: Guid(075b1432937af2c4085c19cba397dacc) Importer(815301076,1909f56bfc062723c751e8b465ee728b)
Start importing Assets/Editor using Guid(075b1432937af2c4085c19cba397dacc) Importer(815301076,1909f56bfc062723c751e8b465ee728b)  -> (artifact id: '5931606954034cc2a15d76476def0982') in 0.004397 seconds 
========================================================================
Received Import Request.
  Time since last request: 2.607557 seconds.
  path: Assets/Editor/Scripts
  artifactKey: Guid(d9001dd59def8e140b53b24de19cd9e8) Importer(815301076,1909f56bfc062723c751e8b465ee728b)
Start importing Assets/Editor/Scripts using Guid(d9001dd59def8e140b53b24de19cd9e8) Importer(815301076,1909f56bfc062723c751e8b465ee728b)  -> (artifact id: '96517e4b67e32e600b2cfa4bf4110bb1') in 0.002784 seconds 
========================================================================
Received Import Request.
  Time since last request: 6.513026 seconds.
  path: Assets/Editor/New Folder
  artifactKey: Guid(72a5a641f8b743b449cf7394f6c4fc8e) Importer(815301076,1909f56bfc062723c751e8b465ee728b)
Start importing Assets/Editor/New Folder using Guid(72a5a641f8b743b449cf7394f6c4fc8e) Importer(815301076,1909f56bfc062723c751e8b465ee728b)  -> (artifact id: '640dde3c2c8c19567a29d70d40a77862') in 0.002197 seconds 
========================================================================
Received Import Request.
  Time since last request: 11.664618 seconds.
  path: Assets
  artifactKey: Guid(00000000000000001000000000000000) Importer(815301076,1909f56bfc062723c751e8b465ee728b)
Start importing Assets using Guid(00000000000000001000000000000000) Importer(815301076,1909f56bfc062723c751e8b465ee728b)  -> (artifact id: '42d402b061de3733987d63b9cc3b64de') in 0.001772 seconds 
========================================================================
Received Import Request.
  Time since last request: 3.963090 seconds.
  path: Assets/Bildr
  artifactKey: Guid(d15d18a983b616e4099194c9d03629ef) Importer(815301076,1909f56bfc062723c751e8b465ee728b)
Start importing Assets/Bildr using Guid(d15d18a983b616e4099194c9d03629ef) Importer(815301076,1909f56bfc062723c751e8b465ee728b)  -> (artifact id: '30577a4dc7dce46512640a4db3f7b14b') in 0.002116 seconds 
========================================================================
Received Import Request.
  Time since last request: 8.386034 seconds.
  path: Assets/Bildr/Assets
  artifactKey: Guid(1553ee7485cae0c4eaf222e2c0b4dae5) Importer(815301076,1909f56bfc062723c751e8b465ee728b)
Start importing Assets/Bildr/Assets using Guid(1553ee7485cae0c4eaf222e2c0b4dae5) Importer(815301076,1909f56bfc062723c751e8b465ee728b)  -> (artifact id: '9552fa5d9dc1c3341fb0c8e9abd545dc') in 0.002386 seconds 
========================================================================
Received Import Request.
  Time since last request: 13.572878 seconds.
  path: Assets/Bildr/Prefabs
  artifactKey: Guid(1553ee7485cae0c4eaf222e2c0b4dae5) Importer(815301076,1909f56bfc062723c751e8b465ee728b)
Start importing Assets/Bildr/Prefabs using Guid(1553ee7485cae0c4eaf222e2c0b4dae5) Importer(815301076,1909f56bfc062723c751e8b465ee728b)  -> (artifact id: '3962fba4506cce561db1bcb07cee9340') in 0.001284 seconds 
========================================================================
Received Import Request.
  Time since last request: 5.038581 seconds.
  path: Assets/Bildr/Art
  artifactKey: Guid(aa4a6b8e43e715c4e975ce0698408a03) Importer(815301076,1909f56bfc062723c751e8b465ee728b)
Start importing Assets/Bildr/Art using Guid(aa4a6b8e43e715c4e975ce0698408a03) Importer(815301076,1909f56bfc062723c751e8b465ee728b)  -> (artifact id: 'eaa8913528980003587bf906024c788c') in 0.002351 seconds 
========================================================================
Received Import Request.
  Time since last request: 4.515237 seconds.
  path: Assets/Bildr/Scripts
  artifactKey: Guid(635cf07b5fe5e0047b70e0e4e9e7daca) Importer(815301076,1909f56bfc062723c751e8b465ee728b)
Start importing Assets/Bildr/Scripts using Guid(635cf07b5fe5e0047b70e0e4e9e7daca) Importer(815301076,1909f56bfc062723c751e8b465ee728b)  -> (artifact id: 'f8a3a661bc70ec7455cbd90be081abbf') in 0.000960 seconds 
========================================================================
Received Import Request.
  Time since last request: 4.930014 seconds.
  path: Assets/Bildr/Editor
  artifactKey: Guid(4363e48323b0b3a4898338a8557efe5e) Importer(815301076,1909f56bfc062723c751e8b465ee728b)
Start importing Assets/Bildr/Editor using Guid(4363e48323b0b3a4898338a8557efe5e) Importer(815301076,1909f56bfc062723c751e8b465ee728b)  -> (artifact id: 'a9939b1d6eb76f4aab20ba733cfdf217') in 0.002253 seconds 
AssetImportWorkerClient::OnTransportError - code=2 error=End of file
